e:\workspaces\capstone\project\test2\qt\x64\debug\vc140.pdb
e:\workspaces\capstone\project\test2\qt\x64\debug\qt.obj
e:\workspaces\capstone\project\test2\qt\x64\debug\main.obj
e:\workspaces\capstone\project\test2\qt\x64\debug\moc_qt.obj
e:\workspaces\capstone\project\test2\qt\x64\debug\facelabel.obj
e:\workspaces\capstone\project\test2\qt\x64\debug\dbg.obj
e:\workspaces\capstone\project\test2\qt\x64\debug\moc_facelabel.obj
e:\workspaces\capstone\project\test2\qt\x64\debug\qrc_qt.obj
e:\workspaces\capstone\project\test2\qt\generatedfiles\ui_qt.h
e:\workspaces\capstone\project\test2\qt\generatedfiles\qrc_qt.cpp
e:\workspaces\capstone\project\test2\qt\generatedfiles\debug\moc_facelabel.cpp
e:\workspaces\capstone\project\test2\x64\debug\qt.ilk
e:\workspaces\capstone\project\test2\x64\debug\qt.exe
e:\workspaces\capstone\project\test2\x64\debug\qt.pdb
e:\workspaces\capstone\project\test2\qt\x64\debug\qt.tlog\cl.command.1.tlog
e:\workspaces\capstone\project\test2\qt\x64\debug\qt.tlog\cl.read.1.tlog
e:\workspaces\capstone\project\test2\qt\x64\debug\qt.tlog\cl.write.1.tlog
e:\workspaces\capstone\project\test2\qt\x64\debug\qt.tlog\custombuild.command.1.tlog
e:\workspaces\capstone\project\test2\qt\x64\debug\qt.tlog\custombuild.read.1.tlog
e:\workspaces\capstone\project\test2\qt\x64\debug\qt.tlog\custombuild.write.1.tlog
e:\workspaces\capstone\project\test2\qt\x64\debug\qt.tlog\link.command.1.tlog
e:\workspaces\capstone\project\test2\qt\x64\debug\qt.tlog\link.read.1.tlog
e:\workspaces\capstone\project\test2\qt\x64\debug\qt.tlog\link.write.1.tlog
