e:\workspaces\capstone\project\test2\qt\x64\release\main.obj
e:\workspaces\capstone\project\test2\qt\x64\release\moc_qt.obj
e:\workspaces\capstone\project\test2\qt\x64\release\moc_facelabel.obj
e:\workspaces\capstone\project\test2\qt\x64\release\facelabel.obj
e:\workspaces\capstone\project\test2\qt\x64\release\dbg.obj
e:\workspaces\capstone\project\test2\qt\x64\release\qrc_qt.obj
e:\workspaces\capstone\project\test2\qt\x64\release\qt.obj
e:\workspaces\capstone\project\test3\qt\x64\release\main.obj
e:\workspaces\capstone\project\test3\qt\x64\release\moc_qt.obj
e:\workspaces\capstone\project\test3\qt\x64\release\moc_facelabel.obj
e:\workspaces\capstone\project\test3\qt\x64\release\facelabel.obj
e:\workspaces\capstone\project\test3\qt\x64\release\dbg.obj
e:\workspaces\capstone\project\test3\qt\x64\release\qrc_qt.obj
e:\workspaces\capstone\project\test3\qt\x64\release\qt.obj
e:\workspaces\capstone\project\test2\qt\generatedfiles\ui_qt.h
e:\workspaces\capstone\project\test2\qt\generatedfiles\release\moc_facelabel.cpp
e:\workspaces\capstone\project\test2\qt\generatedfiles\qrc_qt.cpp
e:\workspaces\capstone\project\test2\qt\generatedfiles\release\moc_qt.cpp
e:\workspaces\capstone\project\test3\qt\generatedfiles\ui_qt.h
e:\workspaces\capstone\project\test3\qt\generatedfiles\qrc_qt.cpp
e:\workspaces\capstone\project\test3\qt\generatedfiles\release\moc_qt.cpp
e:\workspaces\capstone\project\test2\x64\release\qt.exe
e:\workspaces\capstone\project\test3\x64\release\qt.exe
e:\workspaces\capstone\project\test3\qt\x64\release\qt.tlog\cl.command.1.tlog
e:\workspaces\capstone\project\test3\qt\x64\release\qt.tlog\cl.read.1.tlog
e:\workspaces\capstone\project\test3\qt\x64\release\qt.tlog\cl.write.1.tlog
e:\workspaces\capstone\project\test3\qt\x64\release\qt.tlog\custombuild.command.1.tlog
e:\workspaces\capstone\project\test3\qt\x64\release\qt.tlog\custombuild.read.1.tlog
e:\workspaces\capstone\project\test3\qt\x64\release\qt.tlog\custombuild.write.1.tlog
e:\workspaces\capstone\project\test3\qt\x64\release\qt.tlog\link.command.1.tlog
e:\workspaces\capstone\project\test3\qt\x64\release\qt.tlog\link.read.1.tlog
e:\workspaces\capstone\project\test3\qt\x64\release\qt.tlog\link.write.1.tlog
